<?xml version="1.0" encoding="UTF-8"?>
<robot generator="Robot 3.1.2 (Python 3.7.0 on win32)" generated="20190729 00:56:53.347" rpa="false">
<suite id="s1" name="Demo1" source="E:\pynotes\demo1.robot">
<test id="s1-t1" name="test case 1">
<kw name="Do Something">
<kw name="Log" library="BuiltIn">
<doc>Logs the given message with the given level.</doc>
<arguments>
<arg>i am doing something</arg>
</arguments>
<msg timestamp="20190729 00:56:53.517" level="INFO">i am doing something</msg>
<status status="PASS" starttime="20190729 00:56:53.517" endtime="20190729 00:56:53.517"></status>
</kw>
<status status="PASS" starttime="20190729 00:56:53.515" endtime="20190729 00:56:53.517"></status>
</kw>
<kw name="Do Something Else">
<kw name="Log" library="BuiltIn">
<doc>Logs the given message with the given level.</doc>
<arguments>
<arg>i am doing something else</arg>
</arguments>
<msg timestamp="20190729 00:56:53.534" level="INFO">i am doing something else</msg>
<status status="PASS" starttime="20190729 00:56:53.533" endtime="20190729 00:56:53.534"></status>
</kw>
<status status="PASS" starttime="20190729 00:56:53.532" endtime="20190729 00:56:53.535"></status>
</kw>
<status status="PASS" starttime="20190729 00:56:53.514" endtime="20190729 00:56:53.536" critical="yes"></status>
</test>
<test id="s1-t2" name="test case 2">
<kw name="Do Another Thing">
<kw name="Log" library="BuiltIn">
<doc>Logs the given message with the given level.</doc>
<arguments>
<arg>i am doing another thing</arg>
</arguments>
<msg timestamp="20190729 00:56:53.541" level="INFO">i am doing another thing</msg>
<status status="PASS" starttime="20190729 00:56:53.541" endtime="20190729 00:56:53.541"></status>
</kw>
<status status="PASS" starttime="20190729 00:56:53.540" endtime="20190729 00:56:53.541"></status>
</kw>
<kw name="Do Another Thing Else">
<kw name="Log" library="BuiltIn">
<doc>Logs the given message with the given level.</doc>
<arguments>
<arg>i am doing another thing else</arg>
</arguments>
<msg timestamp="20190729 00:56:53.544" level="INFO">i am doing another thing else</msg>
<status status="PASS" starttime="20190729 00:56:53.544" endtime="20190729 00:56:53.544"></status>
</kw>
<status status="PASS" starttime="20190729 00:56:53.543" endtime="20190729 00:56:53.544"></status>
</kw>
<status status="PASS" starttime="20190729 00:56:53.539" endtime="20190729 00:56:53.546" critical="yes"></status>
</test>
<status status="PASS" starttime="20190729 00:56:53.380" endtime="20190729 00:56:53.549"></status>
</suite>
<statistics>
<total>
<stat pass="2" fail="0">Critical Tests</stat>
<stat pass="2" fail="0">All Tests</stat>
</total>
<tag>
</tag>
<suite>
<stat pass="2" fail="0" id="s1" name="Demo1">Demo1</stat>
</suite>
</statistics>
<errors>
</errors>
</robot>
